<?xml version="1.0" encoding="UTF-8"?>
<!-- Generated by org.testng.reporters.JUnitXMLReporter -->
<testsuite ignored="0" hostname="DESKTOP-HF1AAIU" failures="0" tests="22" name="BookStore API Tests" time="4.961" errors="0" timestamp="2025-08-18T19:34:02 IST">
  <testcase classname="com.bookapi.testcases.HealthCheckTest" name="validatingServiceHealth" time="2.13"/>
  <testcase classname="com.bookapi.testcases.CreateUserSignupTest" name="createNewUser" time="0.489"/>
  <testcase classname="com.bookapi.testcases.CreateUserSignupTest" name="createExistingUser" time="0.036"/>
  <testcase classname="com.bookapi.testcases.LoginForAccessTokenTest" name="loginUsingnewlyCreatedUser" time="0.277"/>
  <testcase classname="com.bookapi.testcases.LoginForAccessTokenTest" name="loginUsingIncorrectCred" time="0.266"/>
  <testcase classname="com.bookapi.testcases.LoginForAccessTokenTest" name="loginUsingIncorrectCred" time="0.023"/>
  <testcase classname="com.bookapi.testcases.LoginForAccessTokenTest" name="loginUsingIncorrectCred" time="0.269"/>
  <testcase classname="com.bookapi.testcases.LoginForAccessTokenTest" name="loginUsingIncorrectCred" time="0.272"/>
  <testcase classname="com.bookapi.testcases.GetAllBooksTest" name="validatingBooksAreDisplayed" time="0.036"/>
  <testcase classname="com.bookapi.testcases.GetAllBooksTest" name="NoBooksDisplayedForInvalidToken" time="0.022"/>
  <testcase classname="com.bookapi.testcases.GetAllBooksTest" name="NoBooksDisplayedForNoToken" time="0.016"/>
  <testcase classname="com.bookapi.testcases.CreateBookTest" name="validatingUserAbleToCreateNewBook" time="0.306"/>
  <testcase classname="com.bookapi.testcases.CreateBookTest" name="validatingNewBookIsDisplayedInList" time="0.057"/>
  <testcase classname="com.bookapi.testcases.GetBookByIdTest" name="validatingIfUserAbleToSearchBookByID" time="0.038"/>
  <testcase classname="com.bookapi.testcases.GetBookByIdTest" name="validatingIfUserAbleToSearchIncorrectBookByID" time="0.02"/>
  <testcase classname="com.bookapi.testcases.UpdateBookTest" name="validateUserAbleToUpdateNewlyAddedBook" time="0.12"/>
  <testcase classname="com.bookapi.testcases.UpdateBookTest" name="validatingIfUserAbleToSearchUpdatedBookByID" time="0.044"/>
  <testcase classname="com.bookapi.testcases.DeleteBookTest" name="validatingIfUserAbleToDeleteBookByID" time="0.068"/>
  <testcase classname="com.bookapi.testcases.DeleteBookTest" name="validatingIfUserAbleToDeleteBookByIDAgain" time="0.019"/>
  <testcase classname="com.bookapi.testcases.IncorrectJsonFormat" name="incorrectJSON" time="0.021"/>
  <testcase classname="com.bookapi.testcases.TokenTest" name="NoBooksDisplayedForExpiredToken" time="0.032"/>
  <testcase classname="com.bookapi.testcases.TokenTest" name="NoBooksDisplayedForInvalidToken" time="0.019"/>
</testsuite> <!-- BookStore API Tests -->
